#
# There is insufficient memory for the Java Runtime Environment to continue.
# Native memory allocation (mmap) failed to map 266338304 bytes. Error detail: G1 virtual space
# Possible reasons:
#   The system is out of physical RAM or swap space
#   This process is running with CompressedOops enabled, and the Java Heap may be blocking the growth of the native heap
# Possible solutions:
#   Reduce memory load on the system
#   Increase physical memory or swap space
#   Check if swap backing store is full
#   Decrease Java heap size (-Xmx/-Xms)
#   Decrease number of Java threads
#   Decrease Java thread stack sizes (-Xss)
#   Set larger code cache with -XX:ReservedCodeCacheSize=
#   JVM is running with Zero Based Compressed Oops mode in which the Java heap is
#     placed in the first 32GB address space. The Java Heap base address is the
#     maximum limit for the native heap growth. Please use -XX:HeapBaseMinAddress
#     to set the Java Heap base and to place the Java Heap above 32GB virtual address.
# This output file may be truncated or incomplete.
#
#  Out of Memory Error (os_windows.cpp:3686), pid=3216, tid=163716
#
# JRE version:  (21.0.7+6) (build )
# Java VM: OpenJDK 64-Bit Server VM (21.0.7+6-LTS, mixed mode, sharing, tiered, compressed oops, compressed class ptrs, g1 gc, windows-amd64)
# No core dump will be written. Minidumps are not enabled by default on client versions of Windows
#

---------------  S U M M A R Y ------------

Command Line: -Dstderr.encoding=UTF-8 -Dstdout.encoding=UTF-8 -Dfile.encoding=UTF-8 -Duser.country=CN -Duser.language=zh -Duser.variant C:\Users\Administrator\.gradle\caches\modules-2\files-2.1\net.neoforged\neoform-runtime\1.0.40\afa5b3e2b30d022cad5b1480d13b979f4d3d935\neoform-runtime-1.0.40-all.jar --home-dir C:\Users\Administrator\.gradle\caches\neoformruntime --work-dir C:\Users\Administrator\Documents\GitHub\dove-home-mods\lib\build\tmp\neoformruntime run --java-executable C:\Users\Administrator\.gradle\jdks\eclipse_adoptium-21-amd64-windows.2\bin\java.exe --parchment-data C:\Users\Administrator\.gradle\caches\modules-2\files-2.1\org.parchmentmc.data\parchment-1.21.1\2024.11.17\2a561d23e368c371b4c578caa21ae0cf9c597392\parchment-1.21.1-2024.11.17.zip --parchment-conflict-prefix p_ --neoforge net.neoforged:neoforge:21.1.203:userdev --dist joined --write-result clientResources:C:\Users\Administrator\Documents\GitHub\dove-home-mods\lib\build\moddev\artifacts\neoforge-21.1.203-client-extra-aka-minecraft-resources.jar --write-result compiledWithNeoForge:C:\Users\Administrator\Documents\GitHub\dove-home-mods\lib\build\moddev\artifacts\neoforge-21.1.203.jar --write-result sourcesWithNeoForge:C:\Users\Administrator\Documents\GitHub\dove-home-mods\lib\build\moddev\artifacts\neoforge-21.1.203-sources.jar --write-result sourcesAndCompiledWithNeoForge:C:\Users\Administrator\Documents\GitHub\dove-home-mods\lib\build\moddev\artifacts\neoforge-21.1.203-merged.jar --problems-report C:\Users\Administrator\Documents\GitHub\dove-home-mods\lib\build\tmp\createMinecraftArtifacts\nfrt-problem-report.json --artifact-manifest C:\Users\Administrator\Documents\GitHub\dove-home-mods\lib\build\tmp\createMinecraftArtifacts\nfrt_artifact_manifest.properties --warn-on-artifact-manifest-miss --emojis

Host: 12th Gen Intel(R) Core(TM) i5-12400F, 12 cores, 15G,  Windows 11 , 64 bit Build 26100 (10.0.26100.1591)
Time: Wed Aug 20 14:17:33 2025  Windows 11 , 64 bit Build 26100 (10.0.26100.1591) elapsed time: 1.233517 seconds (0d 0h 0m 1s)

---------------  T H R E A D  ---------------

Current thread (0x000001f1382824c0):  JavaThread "Unknown thread" [_thread_in_vm, id=163716, stack(0x0000000dbba00000,0x0000000dbbb00000) (1024K)]

Stack: [0x0000000dbba00000,0x0000000dbbb00000]
Native frames: (J=compiled Java code, j=interpreted, Vv=VM code, C=native code)
V  [jvm.dll+0x6ce119]
V  [jvm.dll+0x8a84a1]
V  [jvm.dll+0x8aa9ce]
V  [jvm.dll+0x8ab0b3]
V  [jvm.dll+0x27f8a6]
V  [jvm.dll+0x6ca945]
V  [jvm.dll+0x6bebea]
V  [jvm.dll+0x355eca]
V  [jvm.dll+0x35da96]
V  [jvm.dll+0x3af72e]
V  [jvm.dll+0x3af9d8]
V  [jvm.dll+0x32a05c]
V  [jvm.dll+0x32abbb]
V  [jvm.dll+0x871719]
V  [jvm.dll+0x3bc501]
V  [jvm.dll+0x85a743]
V  [jvm.dll+0x45080e]
V  [jvm.dll+0x452451]
C  [jli.dll+0x5278]
C  [ucrtbase.dll+0x14ea0]
C  [KERNEL32.DLL+0x2dbe7]
C  [ntdll.dll+0x85a6c]


---------------  P R O C E S S  ---------------

Threads class SMR info:
_java_thread_list=0x00007ffe373aa0c8, length=0, elements={
}

Java Threads: ( => current thread )
Total: 0

Other Threads:
  0x000001f13a145850 WorkerThread "GC Thread#0"                     [id=165300, stack(0x0000000dbbb00000,0x0000000dbbc00000) (1024K)]
  0x000001f13a14e5b0 ConcurrentGCThread "G1 Main Marker"            [id=58508, stack(0x0000000dbbc00000,0x0000000dbbd00000) (1024K)]
  0x000001f158cd7f20 WorkerThread "G1 Conc#0"                       [id=10032, stack(0x0000000dbbd00000,0x0000000dbbe00000) (1024K)]

[error occurred during error reporting (printing all threads), id 0xc0000005, EXCEPTION_ACCESS_VIOLATION (0xc0000005) at pc=0x00007ffe36aac987]
VM state: not at safepoint (not fully initialized)

VM Mutex/Monitor currently owned by a thread:  ([mutex/lock_event])
[0x00007ffe3741e408] Heap_lock - owner thread: 0x000001f1382824c0

Heap address: 0x0000000702e00000, size: 4050 MB, Compressed Oops mode: Zero based, Oop shift amount: 3

CDS archive(s) mapped at: [0x0000000000000000-0x0000000000000000-0x0000000000000000), size 0, SharedBaseAddress: 0x0000000800000000, ArchiveRelocationMode: 1.
Narrow klass base: 0x0000000000000000, Narrow klass shift: 0, Narrow klass range: 0x0

GC Precious Log:
 CardTable entry size: 512
 Card Set container configuration: InlinePtr #cards 4 size 8 Array Of Cards #cards 16 size 48 Howl #buckets 8 coarsen threshold 3686 Howl Bitmap #cards 512 size 80 coarsen threshold 460 Card regions per heap region 1 cards per card region 4096

Heap:
 garbage-first heap   total 0K, used 0K [0x0000000702e00000, 0x0000000800000000)
  region size 2048K, 0 young (0K), 0 survivors (0K)

[error occurred during error reporting (printing heap information), id 0xc0000005, EXCEPTION_ACCESS_VIOLATION (0xc0000005) at pc=0x00007ffe36e97949]
GC Heap History (0 events):
No events

Dll operation events (1 events):
Event: 0.021 Loaded shared library C:\Users\Administrator\.gradle\jdks\eclipse_adoptium-21-amd64-windows.2\bin\java.dll

Deoptimization events (0 events):
No events

Classes loaded (0 events):
No events

Classes unloaded (0 events):
No events

Classes redefined (0 events):
No events

Internal exceptions (0 events):
No events

ZGC Phase Switch (0 events):
No events

VM Operations (0 events):
No events

Memory protections (0 events):
No events

Nmethod flushes (0 events):
No events

Events (0 events):
No events


Dynamic libraries:
0x00007ff64df00000 - 0x00007ff64df0e000 	C:\Users\Administrator\.gradle\jdks\eclipse_adoptium-21-amd64-windows.2\bin\java.exe
0x00007ffeb3da0000 - 0x00007ffeb4003000 	C:\WINDOWS\SYSTEM32\ntdll.dll
0x00007ffeb2ff0000 - 0x00007ffeb30b7000 	C:\WINDOWS\System32\KERNEL32.DLL
0x00007ffeb1570000 - 0x00007ffeb1911000 	C:\WINDOWS\System32\KERNELBASE.dll
0x00007ffe9abe0000 - 0x00007ffe9abf7000 	C:\InetPub\ftproot\Tipray\Ldterm\ghijt64.DLL
0x00007ffeb3920000 - 0x00007ffeb39d2000 	C:\WINDOWS\System32\ADVAPI32.dll
0x00007ffeb2720000 - 0x00007ffeb27c9000 	C:\WINDOWS\System32\msvcrt.dll
0x00007ffeb2940000 - 0x00007ffeb29e7000 	C:\WINDOWS\System32\sechost.dll
0x00007ffeb3800000 - 0x00007ffeb3916000 	C:\WINDOWS\System32\RPCRT4.dll
0x00007ffeb1920000 - 0x00007ffeb1a6b000 	C:\WINDOWS\System32\ucrtbase.dll
0x00007ffe99960000 - 0x00007ffe9997e000 	C:\Users\Administrator\.gradle\jdks\eclipse_adoptium-21-amd64-windows.2\bin\VCRUNTIME140.dll
0x00007ffe98840000 - 0x00007ffe98858000 	C:\Users\Administrator\.gradle\jdks\eclipse_adoptium-21-amd64-windows.2\bin\jli.dll
0x00007ffeb20c0000 - 0x00007ffeb2283000 	C:\WINDOWS\System32\USER32.dll
0x00007ffeb1bf0000 - 0x00007ffeb1c17000 	C:\WINDOWS\System32\win32u.dll
0x00007ffeb2910000 - 0x00007ffeb293a000 	C:\WINDOWS\System32\GDI32.dll
0x00007ffeb1440000 - 0x00007ffeb1561000 	C:\WINDOWS\System32\gdi32full.dll
0x00007ffe9efd0000 - 0x00007ffe9f260000 	C:\WINDOWS\WinSxS\amd64_microsoft.windows.common-controls_6595b64144ccf1df_6.0.26100.1591_none_3e0fac18e32dc903\COMCTL32.dll
0x00007ffeb11b0000 - 0x00007ffeb1253000 	C:\WINDOWS\System32\msvcp_win.dll
0x00007ffe99c30000 - 0x00007ffe99d8c000 	C:\Inetpub\ftproot\Tipray\LdTerm\LdHook64.dll
0x00007ffeb2c20000 - 0x00007ffeb2db9000 	C:\WINDOWS\System32\ole32.dll
0x00007ffeb1c20000 - 0x00007ffeb1f9c000 	C:\WINDOWS\System32\combase.dll
0x00007ffeb2a10000 - 0x00007ffeb2a18000 	C:\WINDOWS\System32\PSAPI.DLL
0x00007ffe9ef10000 - 0x00007ffe9efc9000 	C:\WINDOWS\SYSTEM32\WINSPOOL.DRV
0x00007ffeb3aa0000 - 0x00007ffeb3b73000 	C:\WINDOWS\System32\shcore.dll
0x00007ffeb0e40000 - 0x00007ffeb0e99000 	C:\WINDOWS\SYSTEM32\cfgmgr32.dll
0x00007ffeb0840000 - 0x00007ffeb084c000 	C:\WINDOWS\SYSTEM32\CRYPTBASE.DLL
0x00007ffeb3a60000 - 0x00007ffeb3a8f000 	C:\WINDOWS\System32\IMM32.DLL
0x00007ffe983c0000 - 0x00007ffe98417000 	C:\Inetpub\ftproot\Tipray\LdTerm\ghhlp64.dll
0x00007ffe93530000 - 0x00007ffe935a1000 	C:\Inetpub\ftproot\Tipray\LdTerm\LdSmartEnc64.dll
0x00007ffe940a0000 - 0x00007ffe940ac000 	C:\WINDOWS\SYSTEM32\FLTLIB.DLL
0x00007ffea7b50000 - 0x00007ffea7b5c000 	C:\Users\Administrator\.gradle\jdks\eclipse_adoptium-21-amd64-windows.2\bin\vcruntime140_1.dll
0x00007ffe83840000 - 0x00007ffe838cd000 	C:\Users\Administrator\.gradle\jdks\eclipse_adoptium-21-amd64-windows.2\bin\msvcp140.dll
0x00007ffe36770000 - 0x00007ffe37500000 	C:\Users\Administrator\.gradle\jdks\eclipse_adoptium-21-amd64-windows.2\bin\server\jvm.dll
0x00007ffeb39e0000 - 0x00007ffeb3a54000 	C:\WINDOWS\System32\WS2_32.dll
0x00007ffeb09e0000 - 0x00007ffeb0a2e000 	C:\WINDOWS\SYSTEM32\POWRPROF.dll
0x00007ffeaa5c0000 - 0x00007ffeaa5cb000 	C:\WINDOWS\SYSTEM32\VERSION.dll
0x00007ffea33d0000 - 0x00007ffea3406000 	C:\WINDOWS\SYSTEM32\WINMM.dll
0x00007ffeb0990000 - 0x00007ffeb09a4000 	C:\WINDOWS\SYSTEM32\UMPDC.dll
0x00007ffeb0010000 - 0x00007ffeb002a000 	C:\WINDOWS\SYSTEM32\kernel.appcore.dll
0x00007ffe9dfd0000 - 0x00007ffe9dfda000 	C:\Users\Administrator\.gradle\jdks\eclipse_adoptium-21-amd64-windows.2\bin\jimage.dll
0x00007ffeae990000 - 0x00007ffeaebd1000 	C:\WINDOWS\SYSTEM32\DBGHELP.DLL
0x00007ffeb2a20000 - 0x00007ffeb2af6000 	C:\WINDOWS\System32\OLEAUT32.dll
0x00007ffeaa2e0000 - 0x00007ffeaa319000 	C:\WINDOWS\SYSTEM32\dbgcore.DLL
0x00007ffeb13a0000 - 0x00007ffeb1439000 	C:\WINDOWS\System32\bcryptPrimitives.dll
0x00007ffe98820000 - 0x00007ffe9883f000 	C:\Users\Administrator\.gradle\jdks\eclipse_adoptium-21-amd64-windows.2\bin\java.dll

dbghelp: loaded successfully - version: 4.0.5 - missing functions: none
symbol engine: initialized successfully - sym options: 0x614 - pdb path: .;C:\Users\Administrator\.gradle\jdks\eclipse_adoptium-21-amd64-windows.2\bin;C:\WINDOWS\SYSTEM32;C:\InetPub\ftproot\Tipray\Ldterm;C:\WINDOWS\WinSxS\amd64_microsoft.windows.common-controls_6595b64144ccf1df_6.0.26100.1591_none_3e0fac18e32dc903;C:\Users\Administrator\.gradle\jdks\eclipse_adoptium-21-amd64-windows.2\bin\server

VM Arguments:
jvm_args: -Dstderr.encoding=UTF-8 -Dstdout.encoding=UTF-8 -Dfile.encoding=UTF-8 -Duser.country=CN -Duser.language=zh -Duser.variant 
java_command: C:\Users\Administrator\.gradle\caches\modules-2\files-2.1\net.neoforged\neoform-runtime\1.0.40\afa5b3e2b30d022cad5b1480d13b979f4d3d935\neoform-runtime-1.0.40-all.jar --home-dir C:\Users\Administrator\.gradle\caches\neoformruntime --work-dir C:\Users\Administrator\Documents\GitHub\dove-home-mods\lib\build\tmp\neoformruntime run --java-executable C:\Users\Administrator\.gradle\jdks\eclipse_adoptium-21-amd64-windows.2\bin\java.exe --parchment-data C:\Users\Administrator\.gradle\caches\modules-2\files-2.1\org.parchmentmc.data\parchment-1.21.1\2024.11.17\2a561d23e368c371b4c578caa21ae0cf9c597392\parchment-1.21.1-2024.11.17.zip --parchment-conflict-prefix p_ --neoforge net.neoforged:neoforge:21.1.203:userdev --dist joined --write-result clientResources:C:\Users\Administrator\Documents\GitHub\dove-home-mods\lib\build\moddev\artifacts\neoforge-21.1.203-client-extra-aka-minecraft-resources.jar --write-result compiledWithNeoForge:C:\Users\Administrator\Documents\GitHub\dove-home-mods\lib\build\moddev\artifacts\neoforge-21.1.203.jar --write-result sourcesWithNeoForge:C:\Users\Administrator\Documents\GitHub\dove-home-mods\lib\build\moddev\artifacts\neoforge-21.1.203-sources.jar --write-result sourcesAndCompiledWithNeoForge:C:\Users\Administrator\Documents\GitHub\dove-home-mods\lib\build\moddev\artifacts\neoforge-21.1.203-merged.jar --problems-report C:\Users\Administrator\Documents\GitHub\dove-home-mods\lib\build\tmp\createMinecraftArtifacts\nfrt-problem-report.json --artifact-manifest C:\Users\Administrator\Documents\GitHub\dove-home-mods\lib\build\tmp\createMinecraftArtifacts\nfrt_artifact_manifest.properties --warn-on-artifact-manifest-miss --emojis
java_class_path (initial): C:\Users\Administrator\.gradle\caches\modules-2\files-2.1\net.neoforged\neoform-runtime\1.0.40\afa5b3e2b30d022cad5b1480d13b979f4d3d935\neoform-runtime-1.0.40-all.jar
Launcher Type: SUN_STANDARD

[Global flags]
     intx CICompilerCount                          = 4                                         {product} {ergonomic}
     uint ConcGCThreads                            = 3                                         {product} {ergonomic}
     uint G1ConcRefinementThreads                  = 10                                        {product} {ergonomic}
   size_t G1HeapRegionSize                         = 2097152                                   {product} {ergonomic}
    uintx GCDrainStackTargetSize                   = 64                                        {product} {ergonomic}
   size_t InitialHeapSize                          = 266338304                                 {product} {ergonomic}
   size_t MarkStackSize                            = 4194304                                   {product} {ergonomic}
   size_t MaxHeapSize                              = 4246732800                                {product} {ergonomic}
   size_t MinHeapDeltaBytes                        = 2097152                                   {product} {ergonomic}
   size_t MinHeapSize                              = 8388608                                   {product} {ergonomic}
    uintx NonNMethodCodeHeapSize                   = 5839372                                {pd product} {ergonomic}
    uintx NonProfiledCodeHeapSize                  = 122909434                              {pd product} {ergonomic}
    uintx ProfiledCodeHeapSize                     = 122909434                              {pd product} {ergonomic}
    uintx ReservedCodeCacheSize                    = 251658240                              {pd product} {ergonomic}
     bool SegmentedCodeCache                       = true                                      {product} {ergonomic}
   size_t SoftMaxHeapSize                          = 4246732800                             {manageable} {ergonomic}
     bool UseCompressedOops                        = true                           {product lp64_product} {ergonomic}
     bool UseG1GC                                  = true                                      {product} {ergonomic}
     bool UseLargePagesIndividualAllocation        = false                                  {pd product} {ergonomic}

Logging:
Log output configuration:
 #0: stdout all=warning uptime,level,tags foldmultilines=false
 #1: stderr all=off uptime,level,tags foldmultilines=false

Environment Variables:
JAVA_HOME=C:\Program Files\java\graalvm-jdk-21.0.5+9.1
PATH=C:\Program Files (x86)\Microsoft\Edge\Application;C:\Program Files (x86)\VMware\VMware Workstation\bin\;C:\Program Files\java\graalvm-jdk-21.0.5+9.1\bin;C:\Program Files (x86)\NVIDIA Corporation\PhysX\Common;C:\WINDOWS\system32;C:\WINDOWS;C:\WINDOWS\System32\Wbem;C:\WINDOWS\System32\WindowsPowerShell\v1.0\;C:\WINDOWS\System32\OpenSSH\;C:\Program Files\Bandizip\;C:\Program Files\dotnet\;C:\Program Files (x86)\Microsoft SQL Server\160\Tools\Binn\;C:\Program Files\Microsoft SQL Server\160\Tools\Binn\;C:\Program Files\Microsoft SQL Server\Client SDK\ODBC\170\Tools\Binn\;C:\Program Files\Microsoft SQL Server\160\DTS\Binn\;C:\Program Files (x86)\Windows Kits\8.1\Windows Performance Toolkit\;C:\Program Files (x86)\Windows Kits\10\Windows Performance Toolkit\;C:\Program Files\nodejs\;C:\Program Files\GitHub CLI\;C:\Program Files (x86)\Gpg4win\..\GnuPG\bin;C:\Program Files\WireGuard\;C:\Program Files\Git\cmd;C:\Users\Administrator\AppData\Local\Microsoft\WindowsApps;C:\Program Files\JetBrains\IntelliJ IDEA 2024.1\bin;C:\Users\Administrator\AppData\Local\GitHubDesktop\bin;C:\Users\Administrator\AppData\Roaming\npm;C:\Users\Administrator\AppData\Local\JetBrains\Toolbox\scripts;;C:\Users\Administrator\AppData\Local\Programs\Fiddler;C:\Program Files\JetBrains\JetBrains Rider 2025.1\bin;;C:\Users\Administrator\.dotnet\tools;C:\Users\Administrator\AppData\Local\Programs\Microsoft VS Code\bin
USERNAME=Administrator
OS=Windows_NT
PROCESSOR_IDENTIFIER=Intel64 Family 6 Model 151 Stepping 5, GenuineIntel
TMP=C:\Users\ADMINI~1\AppData\Local\Temp
TEMP=C:\Users\ADMINI~1\AppData\Local\Temp




Periodic native trim disabled

---------------  S Y S T E M  ---------------

OS:
 Windows 11 , 64 bit Build 26100 (10.0.26100.1591)
OS uptime: 8 days 21:12 hours

CPU: total 12 (initial active 12) (6 cores per cpu, 2 threads per core) family 6 model 151 stepping 5 microcode 0x2c, cx8, cmov, fxsr, ht, mmx, 3dnowpref, sse, sse2, sse3, ssse3, sse4.1, sse4.2, popcnt, lzcnt, tsc, tscinvbit, avx, avx2, aes, erms, clmul, bmi1, bmi2, adx, sha, fma, vzeroupper, clflush, clflushopt, clwb, serialize, rdtscp, rdpid, fsrm, f16c, pku, cet_ibt, cet_ss
Processor Information for the first 12 processors :
  Max Mhz: 2500, Current Mhz: 2500, Mhz Limit: 2500

Memory: 4k page, system-wide physical 16197M (784M free)
TotalPageFile size 31197M (AvailPageFile size 23M)
current process WorkingSet (physical memory assigned to process): 15M, peak: 15M
current process commit charge ("private bytes"): 65M, peak: 319M

vm_info: OpenJDK 64-Bit Server VM (21.0.7+6-LTS) for windows-amd64 JRE (21.0.7+6-LTS), built on 2025-04-15T00:00:00Z by "admin" with MS VC++ 17.7 (VS2022)

END.
